\BOOKMARK [0][-]{section*.1}{\376\377\000C\000o\000n\000t\000e\000n\000t\000s}{}% 1
\BOOKMARK [0][-]{section*.3}{\376\377\000L\000i\000s\000t\000\040\000o\000f\000\040\000F\000i\000g\000u\000r\000e\000s}{}% 2
\BOOKMARK [0][-]{section*.5}{\376\377\000A\000c\000k\000n\000o\000w\000l\000e\000d\000g\000e\000m\000e\000n\000t\000s}{}% 3
\BOOKMARK [0][-]{chapter.1}{\376\377\000I\000n\000t\000r\000o\000d\000u\000c\000t\000i\000o\000n}{}% 4
\BOOKMARK [1][-]{section.1.1}{\376\377\000B\000a\000c\000k\000g\000r\000o\000u\000n\000d\000\040\000a\000n\000d\000\040\000c\000o\000n\000t\000e\000x\000t}{chapter.1}% 5
\BOOKMARK [1][-]{section.1.2}{\376\377\000S\000u\000m\000m\000a\000r\000y\000\040\000o\000f\000\040\000r\000e\000s\000u\000l\000t\000s}{chapter.1}% 6
\BOOKMARK [1][-]{section.1.3}{\376\377\000O\000r\000g\000a\000n\000i\000z\000a\000t\000i\000o\000n}{chapter.1}% 7
\BOOKMARK [0][-]{chapter.2}{\376\377\000B\000a\000s\000i\000c\000s\000\040\000o\000n\000\040\000o\000b\000j\000e\000c\000t\000s}{}% 8
\BOOKMARK [1][-]{section.2.1}{\376\377\000B\000r\000a\000i\000d\000s\000\040\000a\000n\000d\000\040\000t\000h\000e\000\040\000a\000s\000s\000o\000c\000i\000a\000t\000e\000d\000\040\000f\000r\000o\000n\000t\000\040\000p\000r\000o\000j\000e\000c\000t\000i\000o\000n}{chapter.2}% 9
\BOOKMARK [1][-]{section.2.2}{\376\377\000S\000h\000e\000a\000v\000e\000s\000\040\000m\000i\000c\000r\000o\000s\000u\000p\000p\000o\000r\000t\000e\000d\000\040\000a\000l\000o\000n\000g\000\040\000b\000r\000a\000i\000d\000s}{chapter.2}% 10
\BOOKMARK [1][-]{section.2.3}{\376\377\000M\000o\000d\000u\000l\000i\000\040\000s\000p\000a\000c\000e\000s\000\040\000a\000s\000s\000o\000c\000i\000a\000t\000e\000d\000\040\000t\000o\000\040\000b\000r\000a\000i\000d\000s}{chapter.2}% 11
\BOOKMARK [1][-]{section.2.4}{\376\377\000c\000l\000u\000s\000t\000e\000r\000\040\000c\000h\000a\000r\000t\000s}{chapter.2}% 12
\BOOKMARK [0][-]{chapter.3}{\376\377\000M\000u\000l\000t\000i\000v\000a\000l\000e\000n\000t\000\040\000b\000r\000a\000i\000d\000s\000\040\000a\000n\000d\000\040\000w\000i\000l\000d\000\040\000c\000h\000a\000r\000a\000c\000t\000e\000r\000\040\000v\000a\000r\000i\000e\000t\000i\000e\000s\000\040\000o\000f\000\040\000S\000i\000b\000u\000y\000a\000\040\000t\000y\000p\000e}{}% 13
\BOOKMARK [1][-]{section.3.1}{\376\377\000B\000a\000s\000i\000c\000\040\000t\000e\000r\000m\000i\000n\000o\000l\000o\000g\000i\000e\000s}{chapter.3}% 14
\BOOKMARK [1][-]{section.3.2}{\376\377\000M\000u\000l\000t\000i\000v\000a\000l\000e\000n\000t\000\040\000b\000r\000a\000i\000d\000\040\000w\000o\000r\000d\000s}{chapter.3}% 15
\BOOKMARK [1][-]{section.3.3}{\376\377\000B\000i\000v\000a\000l\000e\000n\000t\000\040\000b\000r\000a\000i\000d\000\040\000w\000o\000r\000d\000s}{chapter.3}% 16
\BOOKMARK [1][-]{section.3.4}{\376\377\000E\000x\000a\000m\000p\000l\000e\000s\000\040\000:\000\040\000w\000i\000l\000d\000\040\000c\000h\000a\000r\000a\000c\000t\000e\000r\000\040\000v\000a\000r\000i\000e\000t\000i\000e\000s\000\040\000o\000f\000\040\000S\000i\000b\000u\000y\000a\000\040\000t\000y\000p\000e}{chapter.3}% 17
\BOOKMARK [0][-]{chapter.4}{\376\377\000C\000l\000a\000s\000s\000i\000f\000i\000c\000a\000t\000i\000o\000n\000\040\000o\000f\000\040\000C\000l\000u\000s\000t\000e\000r\000\040\000C\000o\000o\000r\000d\000i\000n\000a\000t\000e\000s}{}% 18
\BOOKMARK [1][-]{section.4.1}{\376\377\000n\000a\000t\000u\000r\000a\000l\000\040\000a\000l\000t\000e\000r\000n\000a\000t\000i\000n\000g\000\040\000d\000i\000a\000g\000r\000a\000m}{chapter.4}% 19
\BOOKMARK [1][-]{section.4.2}{\376\377\000l\000o\000c\000a\000l\000\040\000s\000y\000s\000t\000e\000m\000s\000\040\000o\000n\000\040\000n\000a\000t\000u\000r\000a\000l\000\040\000a\000l\000t\000e\000r\000n\000a\000t\000i\000n\000g\000\040\000d\000i\000a\000g\000r\000a\000m\000s}{chapter.4}% 20
\BOOKMARK [1][-]{section.4.3}{\376\377\000l\000e\000m\000m\000a\0001}{chapter.4}% 21
\BOOKMARK [1][-]{section.4.4}{\376\377\000l\000e\000m\000m\000a\0002\000\050\000c\000o\000r\000e\000\051}{chapter.4}% 22
\BOOKMARK [1][-]{section.4.5}{\376\377\000l\000e\000m\000m\000a\0003\000\050\000c\000o\000r\000e\000\051}{chapter.4}% 23
\BOOKMARK [1][-]{section.4.6}{\376\377\000l\000e\000m\000m\000a\0004\000\050\000c\000o\000r\000e\000\051}{chapter.4}% 24
\BOOKMARK [1][-]{section.4.7}{\376\377\000d\000e\000f\000i\000n\000i\000t\000i\000o\000n\0005}{chapter.4}% 25
\BOOKMARK [1][-]{section.4.8}{\376\377\000l\000e\000m\000m\000a\0005}{chapter.4}% 26
\BOOKMARK [1][-]{section.4.9}{\376\377\000d\000e\000f\000i\000n\000i\000t\000i\000o\000n\0006}{chapter.4}% 27
\BOOKMARK [1][-]{section.4.10}{\376\377\000l\000e\000m\000m\000a\0006}{chapter.4}% 28
\BOOKMARK [1][-]{section.4.11}{\376\377\000d\000e\000f\000i\000n\000i\000t\000i\000o\000n\0007}{chapter.4}% 29
\BOOKMARK [1][-]{section.4.12}{\376\377\000l\000e\000m\000m\000a\0007}{chapter.4}% 30
\BOOKMARK [1][-]{section.4.13}{\376\377\000d\000e\000f\000i\000n\000i\000t\000i\000o\000n\0008}{chapter.4}% 31
\BOOKMARK [1][-]{section.4.14}{\376\377\000l\000e\000m\000m\000a\0008}{chapter.4}% 32
\BOOKMARK [1][-]{section.4.15}{\376\377\000d\000e\000f\000i\000n\000i\000t\000i\000o\000n\0009}{chapter.4}% 33
\BOOKMARK [1][-]{section.4.16}{\376\377\000l\000e\000m\000m\000a\0009}{chapter.4}% 34
\BOOKMARK [1][-]{section.4.17}{\376\377\000d\000e\000f\000i\000n\000i\000t\000i\000o\000n\0001\0000}{chapter.4}% 35
\BOOKMARK [1][-]{section.4.18}{\376\377\000l\000e\000m\000m\000a\0001\0000}{chapter.4}% 36
\BOOKMARK [1][-]{section.4.19}{\376\377\000d\000e\000f\000i\000n\000i\000t\000i\000o\000n\0001\0001}{chapter.4}% 37
\BOOKMARK [1][-]{section.4.20}{\376\377\000l\000e\000m\000m\000a\0001\0001}{chapter.4}% 38
\BOOKMARK [1][-]{section.4.21}{\376\377\000d\000e\000f\000i\000n\000i\000t\000i\000o\000n\0001\0002\000\050\000f\000o\000r\000\040\000t\000h\000e\000\040\000m\000a\000i\000n\000\040\000t\000h\000e\000o\000r\000e\000m\000\051}{chapter.4}% 39
\BOOKMARK [1][-]{section.4.22}{\376\377\000t\000h\000e\000o\000r\000e\000m\0001\0002\000\050\000t\000h\000e\000\040\000m\000a\000i\000n\000\040\000t\000h\000e\000o\000r\000e\000m\000\051}{chapter.4}% 40
\BOOKMARK [1][-]{section.4.23}{\376\377\000d\000e\000f\000i\000n\000i\000t\000i\000o\000n\0001\0003}{chapter.4}% 41
\BOOKMARK [1][-]{section.4.24}{\376\377\000t\000h\000e\000o\000r\000e\000m\0001\0003}{chapter.4}% 42
\BOOKMARK [1][-]{section.4.25}{\376\377\000d\000e\000f\000i\000n\000i\000t\000i\000o\000n\0001\0004\000-\0001\000\050\000i\000n\000t\000e\000r\000g\000e\000n\000e\000r\000a\000t\000o\000r\000\040\000d\000i\000a\000g\000r\000a\000m\000\051}{chapter.4}% 43
\BOOKMARK [1][-]{section.4.26}{\376\377\000d\000e\000f\000i\000n\000i\000t\000i\000o\000n\0001\0004\000-\0002\000\050\000i\000n\000t\000e\000r\000g\000e\000n\000e\000r\000a\000t\000o\000r\000\040\000m\000o\000v\000e\000\051}{chapter.4}% 44
\BOOKMARK [1][-]{section.4.27}{\376\377\000d\000e\000f\000i\000n\000i\000t\000i\000o\000n\0001\0004\000-\0003\000\050\000i\000n\000t\000e\000r\000g\000e\000n\000e\000r\000a\000t\000o\000r\000\040\000s\000h\000e\000a\000f\000\051}{chapter.4}% 45
\BOOKMARK [1][-]{section.4.28}{\376\377\000t\000h\000e\000o\000r\000e\000m\0001\0004\000\050\000i\000n\000t\000e\000r\000g\000e\000n\000e\000r\000a\000t\000o\000r\000\040\000t\000h\000e\000o\000r\000e\000m\000\051}{chapter.4}% 46
\BOOKMARK [1][-]{section.4.29}{\376\377\000t\000h\000e\000o\000r\000e\000m\0001\0005\000\050\000t\000h\000e\000\040\000r\000e\000a\000l\000\040\000m\000a\000i\000n\000\040\000t\000h\000e\000o\000r\000e\000m\000\051}{chapter.4}% 47
